C:\WORK\HIO2DEMO\VC++\MULTI\DEBUG\CHILDFRM.OBJ
C:\work\hio2demo\vc++\multi\Debug\cl.command.1.tlog
C:\work\hio2demo\vc++\multi\Debug\CL.read.1.tlog
C:\work\hio2demo\vc++\multi\Debug\CL.write.1.tlog
C:\WORK\HIO2DEMO\VC++\MULTI\DEBUG\HIO2DLLIF.OBJ
C:\WORK\HIO2DEMO\VC++\MULTI\DEBUG\HIO2IFHOST.OBJ
C:\work\hio2demo\vc++\multi\Debug\link.command.1.tlog
C:\work\hio2demo\vc++\multi\Debug\link.read.1.tlog
C:\work\hio2demo\vc++\multi\Debug\link.write.1.tlog
C:\work\hio2demo\vc++\multi\Debug\link-cvtres.read.1.tlog
C:\work\hio2demo\vc++\multi\Debug\link-cvtres.write.1.tlog
C:\WORK\HIO2DEMO\VC++\MULTI\DEBUG\MAINFRM.OBJ
C:\work\hio2demo\vc++\multi\Debug\mt.command.1.tlog
C:\work\hio2demo\vc++\multi\Debug\mt.read.1.tlog
C:\work\hio2demo\vc++\multi\Debug\mt.write.1.tlog
C:\WORK\HIO2DEMO\VC++\MULTI\DEBUG\MULTI.EXE
C:\WORK\HIO2DEMO\VC++\MULTI\DEBUG\MULTI.EXE.EMBED.MANIFEST
C:\WORK\HIO2DEMO\VC++\MULTI\DEBUG\MULTI.EXE.EMBED.MANIFEST.RES
C:\WORK\HIO2DEMO\VC++\MULTI\DEBUG\MULTI.EXE.INTERMEDIATE.MANIFEST
C:\WORK\HIO2DEMO\VC++\MULTI\DEBUG\MULTI.ILK
C:\WORK\HIO2DEMO\VC++\MULTI\DEBUG\MULTI.OBJ
C:\WORK\HIO2DEMO\VC++\MULTI\DEBUG\MULTI.PCH
C:\WORK\HIO2DEMO\VC++\MULTI\DEBUG\MULTI.PDB
C:\WORK\HIO2DEMO\VC++\MULTI\DEBUG\MULTI.RES
C:\work\hio2demo\vc++\multi\Debug\multi.write.1.tlog
C:\work\hio2demo\vc++\multi\Debug\multi_manifest.rc
C:\WORK\HIO2DEMO\VC++\MULTI\DEBUG\MULTIDOC.OBJ
C:\WORK\HIO2DEMO\VC++\MULTI\DEBUG\MULTIVIEW.OBJ
C:\work\hio2demo\vc++\multi\Debug\rc.command.1.tlog
C:\work\hio2demo\vc++\multi\Debug\rc.read.1.tlog
C:\work\hio2demo\vc++\multi\Debug\rc.write.1.tlog
C:\WORK\HIO2DEMO\VC++\MULTI\DEBUG\STDAFX.OBJ
C:\work\hio2demo\vc++\multi\Debug\vc100.idb
C:\WORK\HIO2DEMO\VC++\MULTI\DEBUG\VC100.PDB
Debug\multi.ilk
Debug\multi.pdb
